2024-03-15 10:08:05 [@glpi]
External #1: Launch PurgeLogs
2024-03-15 10:08:05 [@glpi]
External #2: Launch checkAllUpdates
2024-03-15 10:08:05 [@glpi]
External #3: Launch DomainsAlert
2024-03-15 10:08:06 [@glpi]
External #4: Launch cleanorphans
2024-03-15 10:08:06 [@glpi]
External #5: Launch pendingreason_autobump_autosolve
2024-03-15 10:10:06 [@glpi]
External #1: Launch Cleanoldagents
2024-03-15 10:12:06 [@glpi]
External #1: Nothing to Launch
2024-03-15 11:58:05 [@glpi]
External #1: Launch pendingreason_autobump_autosolve
2024-03-15 11:58:44 [@glpi]
Internal #1: Launch contract
2024-03-15 12:00:06 [@glpi]
External #1: Nothing to Launch
2024-03-15 12:00:18 [@glpi]
Internal #1: Launch infocom
2024-03-15 12:01:13 [@glpi]
Internal #1: Launch mailgate
2024-03-15 12:01:23 [@glpi]
Internal #1: Launch session
2024-03-15 12:02:05 [@glpi]
External #1: Nothing to Launch
2024-03-15 12:04:06 [@glpi]
External #1: Nothing to Launch
2024-03-15 12:06:05 [@glpi]
External #1: Nothing to Launch
2024-03-15 12:08:06 [@glpi]
External #1: Nothing to Launch
2024-03-15 12:09:47 [@glpi]
Internal #1: Launch graph
2024-03-15 12:10:05 [@glpi]
External #1: Nothing to Launch
2024-03-15 12:11:23 [@glpi]
Internal #1: Launch reservation
2024-03-15 12:12:05 [@glpi]
External #1: Nothing to Launch
2024-03-15 12:12:31 [@glpi]
Internal #1: Launch closeticket
2024-03-15 12:14:05 [@glpi]
External #1: Nothing to Launch
2024-03-15 12:16:05 [@glpi]
External #1: Nothing to Launch
2024-03-15 12:18:05 [@glpi]
External #1: Nothing to Launch
2024-03-15 12:18:56 [2@glpi]
Internal #1: Launch alertnotclosed
2024-03-15 12:19:05 [@glpi]
Internal #1: Launch slaticket
2024-03-15 12:20:06 [@glpi]
External #1: Nothing to Launch
2024-03-15 12:22:05 [@glpi]
External #1: Nothing to Launch
2024-03-15 12:22:15 [@glpi]
Internal #1: Launch createinquest
2024-03-15 12:24:04 [@glpi]
External #1: Nothing to Launch
2024-03-15 12:25:13 [@glpi]
Internal #1: Launch watcher
2024-03-15 12:26:07 [@glpi]
External #1: Nothing to Launch
2024-03-15 12:28:05 [@glpi]
External #1: Launch pendingreason_autobump_autosolve
2024-03-15 12:30:06 [@glpi]
External #1: Nothing to Launch
2024-03-15 12:30:38 [2@glpi]
Internal #1: Launch RecurrentItems
2024-03-15 12:32:05 [@glpi]
External #1: Nothing to Launch
2024-03-15 12:34:05 [@glpi]
External #1: Nothing to Launch
2024-03-15 12:36:03 [@glpi]
External #1: Nothing to Launch
2024-03-15 12:38:03 [@glpi]
External #1: Nothing to Launch
2024-03-15 12:39:30 [2@glpi]
Internal #1: Launch planningrecall
2024-03-15 12:39:38 [@glpi]
Internal #1: Launch queuednotification
2024-03-15 12:40:03 [@glpi]
External #1: Nothing to Launch
2024-03-15 12:42:03 [@glpi]
External #1: Nothing to Launch
2024-03-15 12:44:05 [@glpi]
External #1: Nothing to Launch
2024-03-15 12:46:06 [@glpi]
External #1: Nothing to Launch
2024-03-15 12:48:05 [@glpi]
External #1: Nothing to Launch
2024-03-15 12:50:06 [@glpi]
External #1: Nothing to Launch
2024-03-15 12:52:05 [@glpi]
External #1: Nothing to Launch
2024-03-15 12:54:05 [@glpi]
External #1: Nothing to Launch
2024-03-15 12:56:05 [@glpi]
External #1: Nothing to Launch
2024-03-15 12:58:05 [@glpi]
External #1: Launch pendingreason_autobump_autosolve
2024-03-15 13:00:13 [@glpi]
External #1: Nothing to Launch
2024-03-15 13:02:05 [@glpi]
External #1: Nothing to Launch
2024-03-15 13:04:06 [@glpi]
External #1: Nothing to Launch
2024-03-15 13:06:06 [@glpi]
External #1: Nothing to Launch
2024-03-15 13:08:05 [@glpi]
External #1: Nothing to Launch
2024-03-15 13:10:06 [@glpi]
External #1: Nothing to Launch
2024-03-15 13:10:19 [2@glpi]
Internal #1: Launch queuednotificationclean
2024-03-15 13:11:12 [@glpi]
Internal #1: Launch temp
2024-03-15 13:12:06 [@glpi]
External #1: Nothing to Launch
2024-03-15 13:13:36 [@glpi]
Internal #1: Launch mailgateerror
2024-03-15 13:14:06 [@glpi]
External #1: Nothing to Launch
2024-03-15 13:15:00 [@glpi]
Internal #1: Launch certificate
2024-03-15 13:15:19 [@glpi]
Internal #1: Launch olaticket
2024-03-15 13:16:06 [@glpi]
External #1: Nothing to Launch
2024-03-15 13:17:16 [@glpi]
Internal #1: Launch mailgate
2024-03-15 13:17:26 [@glpi]
Internal #1: Launch slaticket
2024-03-15 13:18:05 [@glpi]
External #1: Nothing to Launch
2024-03-15 13:18:48 [@glpi]
Internal #1: Launch queuednotification
2024-03-15 13:19:21 [@glpi]
Internal #1: Launch planningrecall
2024-03-15 13:20:03 [@glpi]
External #1: Nothing to Launch
2024-03-15 13:21:08 [@glpi]
Internal #1: Launch graph
2024-03-15 13:21:17 [@glpi]
Internal #1: Launch reservation
2024-03-15 13:22:03 [@glpi]
External #1: Nothing to Launch
2024-03-15 13:22:39 [@glpi]
Internal #1: Launch queuednotification
2024-03-15 13:23:58 [@glpi]
Internal #1: Launch olaticket
2024-03-15 13:24:03 [@glpi]
External #1: Nothing to Launch
2024-03-15 13:24:32 [@glpi]
Internal #1: Launch slaticket
2024-03-15 13:26:03 [@glpi]
External #1: Nothing to Launch
2024-03-15 13:26:33 [@glpi]
Internal #1: Launch queuednotification
2024-03-15 13:26:46 [@glpi]
Internal #1: Launch planningrecall
2024-03-15 13:27:44 [@glpi]
Internal #1: Launch mailgate
2024-03-15 13:28:03 [@glpi]
External #1: Launch pendingreason_autobump_autosolve
2024-03-15 13:30:15 [@glpi]
External #1: Nothing to Launch
2024-03-15 13:31:53 [@glpi]
Internal #1: Launch queuednotification
2024-03-15 13:32:03 [@glpi]
External #1: Nothing to Launch
2024-03-15 13:32:26 [@glpi]
Internal #1: Launch olaticket
2024-03-15 13:34:03 [@glpi]
External #1: Nothing to Launch
2024-03-15 13:36:03 [@glpi]
External #1: Nothing to Launch
2024-03-15 13:38:03 [@glpi]
External #1: Nothing to Launch
2024-03-15 13:40:02 [@glpi]
External #1: Nothing to Launch
2024-03-15 13:42:02 [@glpi]
External #1: Nothing to Launch
2024-03-15 13:44:02 [@glpi]
External #1: Nothing to Launch
2024-03-15 13:46:02 [@glpi]
External #1: Nothing to Launch
2024-03-15 13:48:02 [@glpi]
External #1: Nothing to Launch
2024-03-15 13:50:02 [@glpi]
External #1: Nothing to Launch
2024-03-15 13:52:02 [@glpi]
External #1: Nothing to Launch
2024-03-15 13:54:02 [@glpi]
External #1: Nothing to Launch
2024-03-15 13:56:02 [@glpi]
External #1: Nothing to Launch
2024-03-15 13:58:02 [@glpi]
External #1: Launch pendingreason_autobump_autosolve
2024-03-15 14:00:02 [@glpi]
External #1: Nothing to Launch
2024-03-15 14:02:02 [@glpi]
External #1: Nothing to Launch
2024-03-15 14:04:02 [@glpi]
External #1: Nothing to Launch
2024-03-15 14:06:02 [@glpi]
External #1: Nothing to Launch
2024-03-15 14:08:03 [@glpi]
External #1: Nothing to Launch
2024-03-15 14:10:02 [@glpi]
External #1: Nothing to Launch
2024-03-15 14:12:02 [@glpi]
External #1: Nothing to Launch
2024-03-15 14:14:02 [@glpi]
External #1: Nothing to Launch
2024-03-15 14:16:03 [@glpi]
External #1: Nothing to Launch
2024-03-15 14:18:02 [@glpi]
External #1: Nothing to Launch
2024-03-15 14:20:03 [@glpi]
External #1: Nothing to Launch
2024-03-15 14:22:03 [@glpi]
External #1: Nothing to Launch
2024-03-15 14:24:02 [@glpi]
External #1: Nothing to Launch
2024-03-15 14:25:46 [2@glpi]
Internal #1: Launch slaticket
2024-03-15 14:26:03 [@glpi]
External #1: Nothing to Launch
2024-03-15 14:28:03 [@glpi]
External #1: Launch pendingreason_autobump_autosolve
2024-03-15 14:30:03 [@glpi]
External #1: Nothing to Launch
2024-03-15 14:30:48 [2@glpi]
Internal #1: Launch RecurrentItems
2024-03-15 14:32:03 [@glpi]
External #1: Nothing to Launch
2024-03-15 14:34:03 [@glpi]
External #1: Nothing to Launch
2024-03-15 14:36:03 [@glpi]
External #1: Nothing to Launch
2024-03-15 14:36:30 [2@glpi]
Internal #1: Launch planningrecall
2024-03-15 14:38:03 [@glpi]
External #1: Nothing to Launch
2024-03-15 14:40:04 [@glpi]
External #1: Nothing to Launch
2024-03-15 14:42:03 [@glpi]
External #1: Nothing to Launch
2024-03-15 14:44:03 [@glpi]
External #1: Nothing to Launch
2024-03-15 14:46:03 [@glpi]
External #1: Nothing to Launch
2024-03-15 14:48:03 [@glpi]
External #1: Nothing to Launch
2024-03-15 14:50:03 [@glpi]
External #1: Nothing to Launch
2024-03-15 18:18:32 [@glpi]
External #1: Launch pendingreason_autobump_autosolve
2024-03-15 18:20:21 [@glpi]
External #1: Nothing to Launch
2024-03-15 18:22:22 [@glpi]
External #1: Nothing to Launch
2024-03-15 18:24:17 [@glpi]
External #1: Nothing to Launch
2024-03-15 18:26:22 [@glpi]
External #1: Nothing to Launch
2024-03-15 18:28:13 [@glpi]
External #1: Nothing to Launch
2024-03-15 18:30:39 [@glpi]
External #1: Nothing to Launch
2024-03-15 18:32:05 [@glpi]
External #1: Nothing to Launch
2024-03-15 18:34:07 [@glpi]
External #1: Nothing to Launch
2024-03-15 18:36:05 [@glpi]
External #1: Nothing to Launch
2024-03-15 18:38:13 [@glpi]
External #1: Nothing to Launch
2024-03-15 18:40:28 [@glpi]
External #1: Nothing to Launch
2024-03-15 18:42:51 [@glpi]
External #1: Nothing to Launch
2024-03-15 18:44:15 [@glpi]
External #1: Nothing to Launch
2024-03-15 18:46:31 [@glpi]
External #1: Nothing to Launch
2024-03-15 18:50:12 [@glpi]
External #1: Launch pendingreason_autobump_autosolve
2024-03-15 18:52:04 [@glpi]
External #1: Nothing to Launch
2024-03-15 18:54:05 [@glpi]
External #1: Nothing to Launch
2024-03-15 18:56:13 [@glpi]
External #1: Nothing to Launch
2024-03-15 18:58:06 [@glpi]
External #1: Nothing to Launch
2024-03-15 19:00:04 [@glpi]
External #1: Nothing to Launch
2024-03-15 19:04:17 [@glpi]
External #1: Nothing to Launch
2024-03-15 19:06:04 [@glpi]
External #1: Nothing to Launch
2024-03-15 19:08:04 [@glpi]
External #1: Nothing to Launch
2024-03-15 19:10:04 [@glpi]
External #1: Nothing to Launch
2024-03-15 19:12:04 [@glpi]
External #1: Nothing to Launch
2024-03-15 19:14:10 [@glpi]
External #1: Nothing to Launch
2024-03-15 19:16:04 [@glpi]
External #1: Nothing to Launch
2024-03-15 19:56:07 [@glpi]
External #1: Launch pendingreason_autobump_autosolve
2024-03-15 19:58:08 [@glpi]
External #1: Nothing to Launch
2024-03-15 20:00:18 [@glpi]
External #1: Nothing to Launch
2024-03-15 20:02:14 [@glpi]
External #1: Nothing to Launch
2024-03-15 20:04:14 [@glpi]
External #1: Nothing to Launch
2024-03-15 20:06:06 [@glpi]
External #1: Nothing to Launch
2024-03-15 20:08:03 [@glpi]
External #1: Nothing to Launch
2024-03-15 20:10:07 [@glpi]
External #1: Nothing to Launch
2024-03-15 20:13:22 [@glpi]
External #1: Nothing to Launch
2024-03-15 20:14:04 [@glpi]
External #1: Nothing to Launch
2024-03-15 20:16:06 [@glpi]
External #1: Nothing to Launch
2024-03-15 20:18:05 [@glpi]
External #1: Nothing to Launch
2024-03-15 20:20:04 [@glpi]
External #1: Nothing to Launch
2024-03-15 20:22:09 [@glpi]
External #1: Nothing to Launch
2024-03-15 20:24:17 [@glpi]
External #1: Nothing to Launch
2024-03-15 20:26:05 [@glpi]
External #1: Launch pendingreason_autobump_autosolve
2024-03-15 20:28:05 [@glpi]
External #1: Nothing to Launch
2024-03-15 20:30:05 [@glpi]
External #1: Nothing to Launch
2024-03-15 20:32:10 [@glpi]
External #1: Nothing to Launch
2024-03-15 20:34:05 [@glpi]
External #1: Nothing to Launch
2024-03-15 20:36:03 [@glpi]
External #1: Nothing to Launch
2024-03-15 20:38:02 [@glpi]
External #1: Nothing to Launch
2024-03-15 20:40:02 [@glpi]
External #1: Nothing to Launch
2024-03-15 20:42:02 [@glpi]
External #1: Nothing to Launch
2024-03-15 20:44:02 [@glpi]
External #1: Nothing to Launch
2024-03-15 20:46:03 [@glpi]
External #1: Nothing to Launch
2024-03-15 20:48:03 [@glpi]
External #1: Nothing to Launch
2024-03-15 20:50:03 [@glpi]
External #1: Nothing to Launch
2024-03-15 20:52:03 [@glpi]
External #1: Nothing to Launch
2024-03-15 20:54:03 [@glpi]
External #1: Nothing to Launch
2024-03-15 20:56:03 [@glpi]
External #1: Launch pendingreason_autobump_autosolve
2024-03-15 20:58:02 [@glpi]
External #1: Nothing to Launch
2024-03-15 21:00:02 [@glpi]
External #1: Nothing to Launch
2024-03-15 21:02:03 [@glpi]
External #1: Nothing to Launch
2024-03-15 21:04:02 [@glpi]
External #1: Nothing to Launch
2024-03-15 21:06:02 [@glpi]
External #1: Nothing to Launch
2024-03-15 21:14:03 [@glpi]
External #1: Nothing to Launch
2024-03-15 21:16:02 [@glpi]
External #1: Nothing to Launch
2024-03-15 21:18:02 [@glpi]
External #1: Nothing to Launch
2024-03-15 21:20:03 [@glpi]
External #1: Nothing to Launch
2024-03-15 21:22:03 [@glpi]
External #1: Nothing to Launch
2024-03-15 21:24:03 [@glpi]
External #1: Nothing to Launch
2024-03-15 21:26:03 [@glpi]
External #1: Launch pendingreason_autobump_autosolve
2024-03-15 21:28:04 [@glpi]
External #1: Nothing to Launch
2024-03-15 21:30:03 [@glpi]
External #1: Nothing to Launch
2024-03-15 21:32:03 [@glpi]
External #1: Nothing to Launch
2024-03-15 21:34:03 [@glpi]
External #1: Nothing to Launch
2024-03-15 21:36:02 [@glpi]
External #1: Nothing to Launch
2024-03-15 21:38:02 [@glpi]
External #1: Nothing to Launch
2024-03-15 21:40:03 [@glpi]
External #1: Nothing to Launch
2024-03-15 21:42:03 [@glpi]
External #1: Nothing to Launch
2024-03-15 21:44:03 [@glpi]
External #1: Nothing to Launch
2024-03-15 21:46:03 [@glpi]
External #1: Nothing to Launch
2024-03-15 21:48:03 [@glpi]
External #1: Nothing to Launch
2024-03-15 21:50:03 [@glpi]
External #1: Nothing to Launch
2024-03-15 21:52:03 [@glpi]
External #1: Nothing to Launch
2024-03-15 21:54:03 [@glpi]
External #1: Nothing to Launch
2024-03-15 21:56:03 [@glpi]
External #1: Launch pendingreason_autobump_autosolve
2024-03-15 21:58:03 [@glpi]
External #1: Nothing to Launch
2024-03-15 22:00:03 [@glpi]
External #1: Nothing to Launch
2024-03-15 22:02:03 [@glpi]
External #1: Nothing to Launch
2024-03-15 22:04:03 [@glpi]
External #1: Nothing to Launch
2024-03-15 22:06:03 [@glpi]
External #1: Nothing to Launch
2024-03-15 22:08:03 [@glpi]
External #1: Nothing to Launch
2024-03-15 22:10:03 [@glpi]
External #1: Nothing to Launch
2024-03-15 22:12:03 [@glpi]
External #1: Nothing to Launch
2024-03-15 22:14:03 [@glpi]
External #1: Nothing to Launch
2024-03-15 22:16:03 [@glpi]
External #1: Nothing to Launch
2024-03-15 22:18:03 [@glpi]
External #1: Nothing to Launch
2024-03-15 22:20:03 [@glpi]
External #1: Nothing to Launch
2024-03-15 22:22:03 [@glpi]
External #1: Nothing to Launch
2024-03-15 22:24:03 [@glpi]
External #1: Nothing to Launch
2024-03-15 22:26:03 [@glpi]
External #1: Launch pendingreason_autobump_autosolve
2024-03-15 22:28:03 [@glpi]
External #1: Nothing to Launch
2024-03-15 22:30:03 [@glpi]
External #1: Nothing to Launch
2024-03-15 22:32:03 [@glpi]
External #1: Nothing to Launch
2024-03-15 22:34:03 [@glpi]
External #1: Nothing to Launch
2024-03-15 22:36:03 [@glpi]
External #1: Nothing to Launch
2024-03-15 22:48:05 [@glpi]
External #1: Nothing to Launch
2024-03-15 22:50:05 [@glpi]
External #1: Nothing to Launch
2024-03-18 07:00:10 [@glpi]
External #1: Launch pendingreason_autobump_autosolve
2024-03-18 07:00:11 [@glpi]
External #2: Launch checkAllUpdates
2024-03-18 07:00:11 [@glpi]
External #3: Launch DomainsAlert
2024-03-18 07:00:11 [@glpi]
External #4: Launch Cleanoldagents
2024-03-18 07:02:05 [@glpi]
External #1: Nothing to Launch
2024-03-18 07:04:17 [@glpi]
External #1: Nothing to Launch
2024-03-18 07:06:10 [@glpi]
External #1: Nothing to Launch
2024-03-18 07:08:15 [@glpi]
External #1: Nothing to Launch
2024-03-18 07:10:05 [@glpi]
External #1: Nothing to Launch
2024-03-18 07:12:05 [@glpi]
External #1: Nothing to Launch
2024-03-18 07:14:07 [@glpi]
External #1: Nothing to Launch
2024-03-18 07:16:05 [@glpi]
External #1: Nothing to Launch
2024-03-18 07:18:10 [@glpi]
External #1: Nothing to Launch
2024-03-18 07:20:14 [@glpi]
External #1: Nothing to Launch
2024-03-18 07:22:06 [@glpi]
External #1: Nothing to Launch
2024-03-18 07:24:07 [@glpi]
External #1: Nothing to Launch
2024-03-18 07:26:05 [@glpi]
External #1: Nothing to Launch
2024-03-18 07:28:04 [@glpi]
External #1: Nothing to Launch
2024-03-18 07:30:30 [@glpi]
External #1: Launch pendingreason_autobump_autosolve
2024-03-18 07:32:05 [@glpi]
External #1: Nothing to Launch
2024-03-18 07:34:03 [@glpi]
External #1: Nothing to Launch
2024-03-18 07:36:05 [@glpi]
External #1: Nothing to Launch
2024-03-18 07:38:04 [@glpi]
External #1: Nothing to Launch
2024-03-18 07:40:04 [@glpi]
External #1: Nothing to Launch
2024-03-18 07:42:03 [@glpi]
External #1: Nothing to Launch
2024-03-18 07:44:02 [@glpi]
External #1: Nothing to Launch
2024-03-18 07:46:02 [@glpi]
External #1: Nothing to Launch
2024-03-18 07:48:03 [@glpi]
External #1: Nothing to Launch
2024-03-18 07:50:05 [@glpi]
External #1: Nothing to Launch
2024-03-18 07:52:04 [@glpi]
External #1: Nothing to Launch
2024-03-18 07:54:05 [@glpi]
External #1: Nothing to Launch
2024-03-18 07:56:05 [@glpi]
External #1: Nothing to Launch
2024-03-18 07:58:04 [@glpi]
External #1: Nothing to Launch
2024-03-18 08:00:05 [@glpi]
External #1: Launch pendingreason_autobump_autosolve
2024-03-18 08:02:05 [@glpi]
External #1: Nothing to Launch
2024-03-18 08:04:06 [@glpi]
External #1: Nothing to Launch
2024-03-18 08:06:05 [@glpi]
External #1: Nothing to Launch
2024-03-18 08:12:37 [@glpi]
External #1: Nothing to Launch
2024-03-18 08:13:36 [@glpi]
Can't get DB Lock
2024-03-18 08:13:36 [@glpi]
External #1: Nothing to Launch
2024-03-18 08:14:05 [@glpi]
External #1: Nothing to Launch
2024-03-18 08:16:05 [@glpi]
External #1: Nothing to Launch
2024-03-18 08:18:05 [@glpi]
External #1: Nothing to Launch
2024-03-18 08:20:03 [@glpi]
External #1: Nothing to Launch
2024-03-18 08:22:03 [@glpi]
External #1: Nothing to Launch
2024-03-18 08:24:03 [@glpi]
External #1: Nothing to Launch
2024-03-18 08:26:02 [@glpi]
External #1: Nothing to Launch
2024-03-18 08:28:03 [@glpi]
External #1: Nothing to Launch
2024-03-18 08:30:03 [@glpi]
External #1: Launch pendingreason_autobump_autosolve
2024-03-18 08:32:03 [@glpi]
External #1: Nothing to Launch
2024-03-18 08:34:02 [@glpi]
External #1: Nothing to Launch
2024-03-18 08:36:03 [@glpi]
External #1: Nothing to Launch
2024-03-18 08:38:03 [@glpi]
External #1: Nothing to Launch
2024-03-18 08:40:03 [@glpi]
External #1: Nothing to Launch
2024-03-18 08:42:03 [@glpi]
External #1: Nothing to Launch
2024-03-18 08:44:03 [@glpi]
External #1: Nothing to Launch
2024-03-18 08:46:03 [@glpi]
External #1: Nothing to Launch
2024-03-18 08:48:03 [@glpi]
External #1: Nothing to Launch
2024-03-18 08:50:03 [@glpi]
External #1: Nothing to Launch
2024-03-18 08:52:03 [@glpi]
External #1: Nothing to Launch
2024-03-18 08:54:03 [@glpi]
External #1: Nothing to Launch
2024-03-18 08:56:03 [@glpi]
External #1: Nothing to Launch
2024-03-18 08:58:03 [@glpi]
External #1: Nothing to Launch
2024-03-18 09:00:03 [@glpi]
External #1: Launch pendingreason_autobump_autosolve
2024-03-18 09:02:03 [@glpi]
External #1: Nothing to Launch
2024-03-18 09:04:03 [@glpi]
External #1: Nothing to Launch
2024-03-18 09:06:03 [@glpi]
External #1: Nothing to Launch
2024-03-18 09:08:03 [@glpi]
External #1: Nothing to Launch
2024-03-18 09:10:03 [@glpi]
External #1: Nothing to Launch
2024-03-18 12:00:05 [@glpi]
Internal #1: Launch queuednotification
2024-03-18 12:00:06 [@glpi]
External #1: Launch pendingreason_autobump_autosolve
2024-03-18 12:02:06 [@glpi]
External #1: Nothing to Launch
2024-03-18 12:04:05 [@glpi]
Internal #1: Launch mailgate
2024-03-18 12:04:15 [@glpi]
External #1: Nothing to Launch
2024-03-18 12:06:07 [@glpi]
External #1: Nothing to Launch
2024-03-18 12:08:26 [@glpi]
External #1: Nothing to Launch
2024-03-18 12:10:04 [@glpi]
External #1: Nothing to Launch
2024-03-18 12:12:04 [@glpi]
External #1: Nothing to Launch
2024-03-18 12:12:15 [@glpi]
Internal #1: Launch olaticket
2024-03-18 12:12:57 [@glpi]
Internal #1: Launch temp
2024-03-18 12:13:15 [@glpi]
Internal #1: Launch graph
2024-03-18 12:13:30 [@glpi]
Internal #1: Launch reservation
2024-03-18 12:14:05 [@glpi]
External #1: Nothing to Launch
2024-03-18 12:14:49 [@glpi]
Internal #1: Launch slaticket
2024-03-18 12:16:07 [@glpi]
External #1: Nothing to Launch
2024-03-18 12:18:05 [@glpi]
External #1: Nothing to Launch
2024-03-18 12:19:26 [@glpi]
Internal #1: Launch planningrecall
2024-03-18 12:20:06 [@glpi]
External #1: Nothing to Launch
2024-03-18 12:21:45 [@glpi]
Internal #1: Launch RecurrentItems
2024-03-18 12:22:05 [@glpi]
External #1: Nothing to Launch
2024-03-18 12:23:33 [@glpi]
Internal #1: Launch closeticket
2024-03-18 12:24:05 [@glpi]
External #1: Nothing to Launch
2024-03-18 12:26:05 [@glpi]
External #1: Nothing to Launch
2024-03-18 12:28:05 [@glpi]
External #1: Nothing to Launch
2024-03-18 12:30:04 [4@glpi]
Internal #1: Launch alertnotclosed
2024-03-18 12:30:06 [@glpi]
External #1: Launch pendingreason_autobump_autosolve
2024-03-18 12:32:06 [@glpi]
External #1: Nothing to Launch
2024-03-18 12:34:05 [@glpi]
External #1: Nothing to Launch
2024-03-18 12:36:06 [@glpi]
External #1: Nothing to Launch
2024-03-18 12:38:04 [@glpi]
External #1: Nothing to Launch
2024-03-18 12:40:03 [@glpi]
External #1: Nothing to Launch
2024-03-18 12:42:02 [@glpi]
External #1: Nothing to Launch
2024-03-18 12:44:03 [@glpi]
External #1: Nothing to Launch
2024-03-18 12:46:02 [@glpi]
External #1: Nothing to Launch
2024-03-18 12:48:03 [@glpi]
External #1: Nothing to Launch
2024-03-18 12:50:03 [@glpi]
External #1: Nothing to Launch
2024-03-18 12:52:04 [@glpi]
External #1: Nothing to Launch
2024-03-18 12:54:03 [@glpi]
External #1: Nothing to Launch
2024-03-18 12:56:08 [@glpi]
External #1: Nothing to Launch
2024-03-18 12:57:18 [@glpi]
Internal #1: Launch contract
2024-03-18 12:58:03 [@glpi]
External #1: Nothing to Launch
2024-03-18 12:59:25 [@glpi]
Internal #1: Launch infocom
2024-03-18 13:00:02 [@glpi]
External #1: Launch pendingreason_autobump_autosolve
2024-03-18 13:01:29 [@glpi]
Internal #1: Launch session
2024-03-18 13:02:03 [@glpi]
External #1: Nothing to Launch
2024-03-18 13:04:03 [@glpi]
External #1: Nothing to Launch
2024-03-18 13:06:04 [@glpi]
External #1: Nothing to Launch
2024-03-18 13:08:03 [@glpi]
External #1: Nothing to Launch
2024-03-18 13:10:03 [@glpi]
External #1: Nothing to Launch
2024-03-18 13:12:03 [@glpi]
External #1: Nothing to Launch
2024-03-18 13:14:03 [@glpi]
External #1: Nothing to Launch
2024-03-18 13:16:03 [@glpi]
External #1: Nothing to Launch
2024-03-18 13:18:02 [@glpi]
External #1: Nothing to Launch
2024-03-18 13:20:03 [@glpi]
External #1: Nothing to Launch
2024-03-18 13:22:03 [@glpi]
External #1: Nothing to Launch
2024-03-18 13:24:03 [@glpi]
External #1: Nothing to Launch
2024-03-18 13:26:03 [@glpi]
External #1: Nothing to Launch
2024-03-18 13:28:05 [@glpi]
External #1: Nothing to Launch
2024-03-18 13:30:05 [@glpi]
External #1: Launch pendingreason_autobump_autosolve
2024-03-18 13:32:04 [@glpi]
External #1: Nothing to Launch
2024-03-18 13:34:05 [@glpi]
External #1: Nothing to Launch
2024-03-18 13:35:36 [2@glpi]
Internal #1: Launch createinquest
2024-03-18 13:35:55 [@glpi]
Internal #1: Launch watcher
2024-03-18 13:36:05 [@glpi]
External #1: Nothing to Launch
2024-03-18 13:38:04 [@glpi]
External #1: Nothing to Launch
2024-03-18 13:40:05 [@glpi]
External #1: Nothing to Launch
2024-03-18 13:41:14 [4@glpi]
Internal #1: Launch queuednotificationclean
2024-03-18 13:42:05 [@glpi]
External #1: Nothing to Launch
2024-03-18 13:44:05 [@glpi]
External #1: Nothing to Launch
2024-03-18 13:46:05 [@glpi]
External #1: Nothing to Launch
2024-03-18 13:48:05 [@glpi]
External #1: Nothing to Launch
2024-03-18 13:50:05 [@glpi]
External #1: Nothing to Launch
2024-03-18 13:52:05 [@glpi]
External #1: Nothing to Launch
2024-03-18 13:54:05 [@glpi]
External #1: Nothing to Launch
2024-03-18 13:56:05 [@glpi]
External #1: Nothing to Launch
2024-03-18 13:58:05 [@glpi]
External #1: Nothing to Launch
2024-03-18 14:00:05 [@glpi]
External #1: Launch pendingreason_autobump_autosolve
2024-03-18 14:02:06 [@glpi]
External #1: Nothing to Launch
2024-03-18 14:04:05 [@glpi]
External #1: Nothing to Launch
2024-03-18 14:06:05 [@glpi]
External #1: Nothing to Launch
2024-03-18 14:08:05 [@glpi]
External #1: Nothing to Launch
2024-03-18 14:10:05 [@glpi]
External #1: Nothing to Launch
2024-03-18 14:12:06 [@glpi]
External #1: Nothing to Launch
2024-03-18 14:14:06 [@glpi]
External #1: Nothing to Launch
2024-03-18 14:16:06 [@glpi]
External #1: Nothing to Launch
2024-03-18 14:18:06 [@glpi]
External #1: Nothing to Launch
2024-03-18 14:20:06 [@glpi]
External #1: Nothing to Launch
2024-03-18 14:22:06 [@glpi]
External #1: Nothing to Launch
2024-03-18 14:24:06 [@glpi]
External #1: Nothing to Launch
2024-03-18 14:26:06 [@glpi]
External #1: Nothing to Launch
2024-03-18 14:28:06 [@glpi]
External #1: Nothing to Launch
2024-03-18 14:30:05 [@glpi]
External #1: Launch pendingreason_autobump_autosolve
2024-03-18 14:32:06 [@glpi]
External #1: Nothing to Launch
2024-03-18 14:34:06 [@glpi]
External #1: Nothing to Launch
2024-03-18 14:36:05 [@glpi]
External #1: Nothing to Launch
2024-03-18 14:38:05 [@glpi]
External #1: Nothing to Launch
2024-03-18 14:40:05 [@glpi]
External #1: Nothing to Launch
2024-03-18 14:42:05 [@glpi]
External #1: Nothing to Launch
2024-03-18 14:44:05 [@glpi]
External #1: Nothing to Launch
2024-03-18 14:46:05 [@glpi]
External #1: Nothing to Launch
2024-03-18 14:48:05 [@glpi]
External #1: Nothing to Launch
2024-03-18 14:50:05 [@glpi]
External #1: Nothing to Launch
2024-03-18 14:52:05 [@glpi]
External #1: Nothing to Launch
2024-03-18 14:54:05 [@glpi]
External #1: Nothing to Launch
2024-03-18 14:56:05 [@glpi]
External #1: Nothing to Launch
2024-03-18 14:58:05 [@glpi]
External #1: Nothing to Launch
2024-03-18 15:00:06 [@glpi]
External #1: Launch pendingreason_autobump_autosolve
2024-03-18 15:02:05 [@glpi]
External #1: Nothing to Launch
2024-03-18 15:04:05 [@glpi]
External #1: Nothing to Launch
2024-03-18 15:06:05 [@glpi]
External #1: Nothing to Launch
2024-03-20 08:58:09 [@glpi]
External #1: Launch pendingreason_autobump_autosolve
2024-03-20 08:58:10 [@glpi]
External #2: Launch checkAllUpdates
2024-03-20 08:58:10 [@glpi]
External #3: Launch DomainsAlert
2024-03-20 08:58:10 [@glpi]
External #4: Launch Cleanoldagents
